
map -a "MachXO3LF" -p LCMXO3LF-6900C -t CABGA256 -s 6 -oc Commercial   "propel_soc_impl1.ngd" -o "propel_soc_impl1_map.ncd" -pr "propel_soc_impl1.prf" -mp "propel_soc_impl1.mrp" -lpf "D:/docs/FPGA/propel_soc/impl1/propel_soc_impl1_synplify.lpf" -lpf "D:/docs/FPGA/propel_soc/propel_soc.lpf"  -c 0           
map:  version Diamond (64-bit) 3.12.0.240.2

Copyright (c) 1991-1994 by NeoCAD Inc. All rights reserved.
Copyright (c) 1995 AT&T Corp.   All rights reserved.
Copyright (c) 1995-2001 Lucent Technologies Inc.  All rights reserved.
Copyright (c) 2001 Agere Systems   All rights reserved.
Copyright (c) 2002-2020 Lattice Semiconductor Corporation,  All rights reserved.
   Process the file: propel_soc_impl1.ngd
   Picdevice="LCMXO3LF-6900C"

   Pictype="CABGA256"

   Picspeed=6

   Remove unused logic

   Do not produce over sized NCDs.

Part used: LCMXO3LF-6900CCABGA256, Performance used: 6.

Loading device for application map from file 'xo3c6900.nph' in environment: C:/lscc/diamond/3.12/ispfpga.
Package Status:                     Final          Version 1.16.

Running general design DRC...

Removing unused logic...

Optimizing...

2 CCU2 constant inputs absorbed.




Design Summary:
   Number of registers:   1804 out of  7485 (24%)
      PFU registers:         1791 out of  6864 (26%)
      PIO registers:           13 out of   621 (2%)
   Number of SLICEs:      1696 out of  3432 (49%)
      SLICEs as Logic/ROM:   1690 out of  3432 (49%)
      SLICEs as RAM:            6 out of  2574 (0%)
      SLICEs as Carry:        190 out of  3432 (6%)
   Number of LUT4s:        3364 out of  6864 (49%)
      Number used as logic LUTs:        2972
      Number used as distributed RAM:    12
      Number used as ripple logic:      380
      Number used as shift registers:     0
   Number of PIO sites used: 15 + 4(JTAG) out of 207 (9%)
   Number of block RAMs:  20 out of 26 (77%)
   Number of GSRs:        1 out of 1 (100%)
   EFB used :        No
   JTAG used :       Yes
   Readback used :   No
   Oscillator used : Yes
   Startup used :    No
   POR :             On
   Bandgap :         On
   Number of Power Controller:  0 out of 1 (0%)
   Number of Dynamic Bank Controller (BCINRD):  0 out of 6 (0%)
   Number of Dynamic Bank Controller (BCLVDSO):  0 out of 1 (0%)
   Number of DCCA:  1 out of 8 (12%)
   Number of DCMA:  0 out of 2 (0%)
   Number of PLLs:  0 out of 2 (0%)
   Number of DQSDLLs:  0 out of 2 (0%)
   Number of CLKDIVC:  0 out of 4 (0%)
   Number of ECLKSYNCA:  0 out of 4 (0%)
   Number of ECLKBRIDGECS:  0 out of 2 (0%)
   Notes:-
      1. Total number of LUT4s = (Number of logic LUT4s) + 2*(Number of distributed RAMs) + 2*(Number of ripple logic)
      2. Number of logic LUT4s does not include count of distributed RAM and ripple logic.
   Number of clocks:  5
     Net sys_clk: 1018 loads, 1018 rising, 0 falling (Driver: OSCH_inst )
     Net HelloWorld_inst/gpio1_inst/lscc_gpio_inst/lmmi_rdata_valid_w: 2 loads, 2 rising, 0 falling (Driver: HelloWorld_inst/gpio1_inst/lscc_gpio_inst/genblk2.lscc_apb2lmmi_0/un1_apb_pready_nxt_2_sqmuxa_1_i_a2_i_0_a2_0 )
     Net HelloWorld_inst/gpio0_inst/lscc_gpio_inst/lmmi_rdata_valid_w: 4 loads, 4 rising, 0 falling (Driver: HelloWorld_inst/gpio0_inst/lscc_gpio_inst/genblk2.lscc_apb2lmmi_0/un1_apb_pready_nxt_2_sqmuxa_1_i_a2_i_0_a2_0 )
     Net HelloWorld_inst/cpu0_inst/riscvsmall_inst/genblk7.vex_debug/TCK: 44 loads, 43 rising, 1 falling (Driver: HelloWorld_inst/cpu0_inst/riscvsmall_inst/genblk7.vex_debug/vex_jtag_bridge_i/genblk2.TCK_buff )
     Net jtaghub16_jtck: 36 loads, 4 rising, 32 falling (Driver: xo2chub/genblk7.jtagf_u )
   Number of Clock Enables:  120
     Net HelloWorld_inst/uart0_inst/lscc_uart_inst/u_txmitt/tx_state[0]: 10 loads, 10 LSLICEs
     Net HelloWorld_inst/uart0_inst/lscc_uart_inst/u_txmitt/N_78_i: 5 loads, 5 LSLICEs
     Net HelloWorld_inst/uart0_inst/lscc_uart_inst/u_txmitt/un1_thr_wr_1: 1 loads, 1 LSLICEs
     Net HelloWorld_inst/uart0_inst/lscc_uart_inst/u_txmitt/un1_tsr_empty5: 1 loads, 1 LSLICEs
     Net HelloWorld_inst/uart0_inst/lscc_uart_inst/u_rxcver/un1_rbr_rd_1: 1 loads, 1 LSLICEs
     Net HelloWorld_inst/uart0_inst/lscc_uart_inst/u_rxcver/hunt_one_RNO_0: 1 loads, 1 LSLICEs
     Net HelloWorld_inst/uart0_inst/lscc_uart_inst/u_rxcver/rx_frame_err_RNO: 1 loads, 1 LSLICEs
     Net HelloWorld_inst/uart0_inst/lscc_uart_inst/u_rxcver/un1_cs_state_3_i: 1 loads, 1 LSLICEs
     Net HelloWorld_inst/uart0_inst/lscc_uart_inst/u_rxcver/databit_recved_nume: 6 loads, 6 LSLICEs
     Net HelloWorld_inst/uart0_inst/lscc_uart_inst/u_rxcver/un1_cs_state_0_sqmuxa_2_i: 1 loads, 1 LSLICEs
     Net HelloWorld_inst/uart0_inst/lscc_uart_inst/u_rxcver/un1_lsr_rd: 4 loads, 4 LSLICEs
     Net HelloWorld_inst/uart0_inst/lscc_uart_inst/u_rxcver/rbr21: 6 loads, 6 LSLICEs
     Net HelloWorld_inst/uart0_inst/lscc_uart_inst/u_intface/thr_nonfifo_0_sqmuxa: 4 loads, 4 LSLICEs
     Net HelloWorld_inst/uart0_inst/lscc_uart_inst/u_intface/lcr_1_sqmuxa: 4 loads, 4 LSLICEs
     Net HelloWorld_inst/uart0_inst/lscc_uart_inst/u_intface/ier_1_sqmuxa: 2 loads, 2 LSLICEs
     Net HelloWorld_inst/uart0_inst/lscc_uart_inst/u_intface/data_8bit23: 6 loads, 6 LSLICEs
     Net HelloWorld_inst/uart0_inst/lscc_uart_inst/u_intface/divisorce[0]: 4 loads, 4 LSLICEs
     Net HelloWorld_inst/uart0_inst/lscc_uart_inst/u_intface/divisorce[8]: 4 loads, 4 LSLICEs
     Net HelloWorld_inst/ahbl2apb0_inst_APB_M0_interconnect_PSELx_interconnect: 2 loads, 2 LSLICEs
     Net HelloWorld_inst/sysmem0_inst/lscc_sys_mem_inst/mem1_req_arb_w: 33 loads, 1 LSLICEs
     Net HelloWorld_inst/sysmem0_inst/lscc_sys_mem_inst/N_222_i: 34 loads, 2 LSLICEs
     Net HelloWorld_inst/sysmem0_inst/lscc_sys_mem_inst/u_lscc_mem0/ecp_5.dp.ram_dp_true_be.u_mem/wren1_inv_g: 2 loads, 2 LSLICEs
     Net HelloWorld_inst/ahbl0_inst_AHBL_M00_interconnect_HREADY_interconnect: 1 loads, 1 LSLICEs
     Net HelloWorld_inst/cpu0_inst_AHBL_M0_INSTR_interconnect_HREADYOUT_interconnect: 1 loads, 1 LSLICEs
     Net HelloWorld_inst/gpio1_inst/lscc_gpio_inst/genblk2.lscc_apb2lmmi_0/bus_sm_cs[1]: 2 loads, 2 LSLICEs
     Net HelloWorld_inst/gpio1_inst/lscc_gpio_inst/genblk2.lscc_apb2lmmi_0/apb_pslverr_nxt_0_sqmuxa: 2 loads, 2 LSLICEs
     Net HelloWorld_inst/gpio1_inst/lscc_gpio_inst/genblk2.lscc_apb2lmmi_0/apb_pready_o_RNO_0: 1 loads, 1 LSLICEs
     Net HelloWorld_inst/gpio1_inst/lscc_gpio_inst/genblk2.lscc_apb2lmmi_0/bus_sm_ns_0_sqmuxa: 4 loads, 4 LSLICEs
     Net HelloWorld_inst/gpio1_inst/lscc_gpio_inst/genblk1.lscc_gpio_lmmi_0/lmmi_rdata_r_9_i_a2_5_0_a2_RNIK65B1[3]: 2 loads, 2 LSLICEs
     Net HelloWorld_inst/gpio1_inst/lscc_gpio_inst/genblk1.lscc_gpio_lmmi_0/direction_r_1_sqmuxa: 2 loads, 2 LSLICEs
     Net HelloWorld_inst/gpio1_inst/lscc_gpio_inst/genblk1.lscc_gpio_lmmi_0/int_type_r_1_sqmuxa: 2 loads, 2 LSLICEs
     Net HelloWorld_inst/gpio1_inst/lscc_gpio_inst/genblk1.lscc_gpio_lmmi_0/int_method_r_1_sqmuxa: 2 loads, 2 LSLICEs
     Net HelloWorld_inst/gpio1_inst/lscc_gpio_inst/genblk1.lscc_gpio_lmmi_0/int_enable_r_1_sqmuxa: 2 loads, 2 LSLICEs
     Net HelloWorld_inst/gpio0_inst/lscc_gpio_inst/genblk2.lscc_apb2lmmi_0/bus_sm_cs[1]: 2 loads, 2 LSLICEs
     Net HelloWorld_inst/gpio0_inst/lscc_gpio_inst/genblk2.lscc_apb2lmmi_0/apb_pslverr_nxt_0_sqmuxa: 4 loads, 4 LSLICEs
     Net HelloWorld_inst/gpio0_inst/lscc_gpio_inst/genblk2.lscc_apb2lmmi_0/apb_pready_o_RNO: 1 loads, 1 LSLICEs
     Net HelloWorld_inst/gpio0_inst/lscc_gpio_inst/genblk2.lscc_apb2lmmi_0/bus_sm_ns_0_sqmuxa: 6 loads, 6 LSLICEs
     Net HelloWorld_inst/gpio0_inst/lscc_gpio_inst/genblk1.lscc_gpio_lmmi_0/direction_r_1_sqmuxa: 4 loads, 4 LSLICEs
     Net HelloWorld_inst/gpio0_inst/lscc_gpio_inst/genblk1.lscc_gpio_lmmi_0/int_method_r_1_sqmuxa: 4 loads, 4 LSLICEs
     Net HelloWorld_inst/gpio0_inst/lscc_gpio_inst/genblk1.lscc_gpio_lmmi_0/int_type_r_1_sqmuxa: 4 loads, 4 LSLICEs
     Net HelloWorld_inst/gpio0_inst/lscc_gpio_inst/genblk1.lscc_gpio_lmmi_0/int_enable_r_1_sqmuxa: 4 loads, 4 LSLICEs
     Net HelloWorld_inst/gpio0_inst/lscc_gpio_inst/genblk1.lscc_gpio_lmmi_0/un1_gpio_out_r21_i_a2: 4 loads, 4 LSLICEs
     Net HelloWorld_inst/ahbl2apb0_inst/lscc_ahbl2apb_inst/un1_ahbl_hrdata_o_0_sqmuxa_0_0: 4 loads, 4 LSLICEs
     Net HelloWorld_inst/ahbl2apb0_inst/lscc_ahbl2apb_inst/un1_apb_pslverr_i_1_0_a2_0_a2_RNIUUL51: 4 loads, 4 LSLICEs
     Net HelloWorld_inst/ahbl2apb0_inst/lscc_ahbl2apb_inst/N_67_i: 15 loads, 15 LSLICEs
     Net HelloWorld_inst/ahbl2apb0_inst/lscc_ahbl2apb_inst/un2_ns_ahbl_sm_4_0_0: 14 loads, 14 LSLICEs
     Net HelloWorld_inst/ahbl0_inst/lscc_ahbl_interconnect_inst/ahb_lite_bus.u_lscc_ahbl_bus/u_lscc_ahbl_multiplexor/ahbl_hsel_dec_r_0_sqmuxa: 2 loads, 2 LSLICEs
     Net HelloWorld_inst/cpu0_inst/riscvsmall_inst/genblk7.i_Riscv_Dbg_IC/lastStageRegFileWrite_valid: 4 loads, 0 LSLICEs
     Net HelloWorld_inst/cpu0_inst/riscvsmall_inst/genblk7.i_Riscv_Dbg_IC/un1_CsrPlugin_interrupt_valid16_i: 1 loads, 1 LSLICEs
     Net HelloWorld_inst/cpu0_inst/riscvsmall_inst/genblk7.i_Riscv_Dbg_IC/CsrPlugin_exceptionPortCtrl_exceptionContext_code_3_sqmuxa_i: 18 loads, 18 LSLICEs
     Net HelloWorld_inst/cpu0_inst/riscvsmall_inst/genblk7.i_Riscv_Dbg_IC/IBusSimplePlugin_rspJoin_rspBuffer_c/pushing: 32 loads, 32 LSLICEs
     Net HelloWorld_inst/cpu0_inst/riscvsmall_inst/genblk7.i_Riscv_Dbg_IC/un1_IBusSimplePlugin_externalFlush_99_i: 1 loads, 1 LSLICEs
     Net HelloWorld_inst/cpu0_inst/riscvsmall_inst/genblk7.i_Riscv_Dbg_IC/_zz_55__1_sqmuxa_i: 1 loads, 1 LSLICEs
     Net HelloWorld_inst/cpu0_inst/riscvsmall_inst/genblk7.i_Riscv_Dbg_IC/un1_IBusSimplePlugin_externalFlush_i: 1 loads, 1 LSLICEs
     Net HelloWorld_inst/cpu0_inst/riscvsmall_inst/genblk7.i_Riscv_Dbg_IC/_zz_83__1_sqmuxa_i: 1 loads, 1 LSLICEs
     Net HelloWorld_inst/cpu0_inst/riscvsmall_inst/genblk7.i_Riscv_Dbg_IC/DebugPlugin_busReadDataReg_1_sqmuxa_i: 17 loads, 17 LSLICEs
     Net HelloWorld_inst/cpu0_inst/riscvsmall_inst/genblk7.i_Riscv_Dbg_IC/execute_LightShifterPlugin_amplitudeReg_0_sqmuxa: 3 loads, 3 LSLICEs
     Net HelloWorld_inst/cpu0_inst/riscvsmall_inst/genblk7.i_Riscv_Dbg_IC/DebugPlugin_haltedByBreak_1_sqmuxa_i: 1 loads, 1 LSLICEs
     Net HelloWorld_inst/cpu0_inst/riscvsmall_inst/genblk7.i_Riscv_Dbg_IC/_zz_172_: 3 loads, 3 LSLICEs
     Net HelloWorld_inst/cpu0_inst/riscvsmall_inst/genblk7.i_Riscv_Dbg_IC/CsrPlugin_mstatus_MIE_2_sqmuxa_i: 3 loads, 3 LSLICEs
     Net HelloWorld_inst/cpu0_inst/riscvsmall_inst/genblk7.i_Riscv_Dbg_IC/IBusSimplePlugin_fetchPc_inc4: 1 loads, 1 LSLICEs
     Net HelloWorld_inst/cpu0_inst/riscvsmall_inst/genblk7.i_Riscv_Dbg_IC/memory_arbitration_haltItself4_i: 43 loads, 43 LSLICEs
     Net HelloWorld_inst/cpu0_inst/riscvsmall_inst/genblk7.i_Riscv_Dbg_IC/execute_arbitration_isStuck_i: 106 loads, 106 LSLICEs
     Net HelloWorld_inst/cpu0_inst/riscvsmall_inst/genblk7.i_Riscv_Dbg_IC/execute_arbitration_isStuckByOthers_i: 16 loads, 16 LSLICEs
     Net HelloWorld_inst/cpu0_inst/riscvsmall_inst/debug_bus_cmd_valid: 1 loads, 1 LSLICEs
     Net HelloWorld_inst/cpu0_inst/riscvsmall_inst/genblk7.i_Riscv_Dbg_IC/memory_arbitration_isValid4: 1 loads, 1 LSLICEs
     Net HelloWorld_inst/cpu0_inst/riscvsmall_inst/genblk7.i_Riscv_Dbg_IC/execute_arbitration_isValid4: 1 loads, 1 LSLICEs
     Net HelloWorld_inst/cpu0_inst/riscvsmall_inst/genblk7.i_Riscv_Dbg_IC/execute_LightShifterPlugin_isActive_1_sqmuxa_i: 1 loads, 1 LSLICEs
     Net HelloWorld_inst/cpu0_inst/riscvsmall_inst/b_dbus_if_pic_HREADY: 18 loads, 18 LSLICEs
     Net HelloWorld_inst/cpu0_inst/riscvsmall_inst/genblk7.i_Riscv_Dbg_IC/N_202: 1 loads, 1 LSLICEs
     Net HelloWorld_inst/cpu0_inst/riscvsmall_inst/genblk7.i_Riscv_Dbg_IC/N_60_i: 16 loads, 16 LSLICEs
     Net HelloWorld_inst/cpu0_inst/riscvsmall_inst/genblk7.i_Riscv_Dbg_IC/IBusSimplePlugin_fetchPc_pcReg4: 8 loads, 8 LSLICEs
     Net HelloWorld_inst/cpu0_inst/riscvsmall_inst/genblk7.i_Riscv_Dbg_IC/N_94: 1 loads, 1 LSLICEs
     Net HelloWorld_inst/cpu0_inst/riscvsmall_inst/genblk7.i_Riscv_Dbg_IC/IBusSimplePlugin_decompressor_bufferValid_1_sqmuxa_i: 1 loads, 1 LSLICEs
     Net HelloWorld_inst/cpu0_inst/riscvsmall_inst/genblk7.i_Riscv_Dbg_IC/_zz_188_: 8 loads, 8 LSLICEs
     Net HelloWorld_inst/cpu0_inst/riscvsmall_inst/genblk7.i_Riscv_Dbg_IC/IBusSimplePlugin_cmd_s2mPipe_rValid_1_sqmuxa_i: 1 loads, 1 LSLICEs
     Net HelloWorld_inst/cpu0_inst/riscvsmall_inst/genblk7.i_Riscv_Dbg_IC/_zz_189_: 6 loads, 6 LSLICEs
     Net HelloWorld_inst/cpu0_inst/riscvsmall_inst/genblk7.i_Riscv_Dbg_IC/DebugPlugin_stepIt_0_sqmuxa: 1 loads, 1 LSLICEs
     Net HelloWorld_inst/cpu0_inst/riscvsmall_inst/genblk7.i_Riscv_Dbg_IC/DebugPlugin_hardwareBreakpoints_1_pc_1_sqmuxa: 17 loads, 17 LSLICEs
     Net HelloWorld_inst/cpu0_inst/riscvsmall_inst/genblk7.i_Riscv_Dbg_IC/DebugPlugin_hardwareBreakpoints_0_pc_1_sqmuxa: 17 loads, 17 LSLICEs
     Net HelloWorld_inst/cpu0_inst/riscvsmall_inst/genblk7.i_Riscv_Dbg_IC/DebugPlugin_haltIt_2_sqmuxa_i: 1 loads, 1 LSLICEs
     Net HelloWorld_inst/cpu0_inst/riscvsmall_inst/genblk7.i_Riscv_Dbg_IC/DebugPlugin_godmode_1_sqmuxa_i: 1 loads, 1 LSLICEs
     Net HelloWorld_inst/cpu0_inst/riscvsmall_inst/genblk7.i_Riscv_Dbg_IC/CsrPlugin_mtvec_base_0_sqmuxa: 16 loads, 16 LSLICEs
     Net HelloWorld_inst/cpu0_inst/riscvsmall_inst/genblk7.i_Riscv_Dbg_IC/CsrPlugin_hadException: 16 loads, 16 LSLICEs
     Net HelloWorld_inst/cpu0_inst/riscvsmall_inst/genblk7.i_Riscv_Dbg_IC/CsrPlugin_mscratch_0_sqmuxa: 16 loads, 16 LSLICEs
     Net HelloWorld_inst/cpu0_inst/riscvsmall_inst/genblk7.i_Riscv_Dbg_IC/CsrPlugin_mie_MEIE_0_sqmuxa: 3 loads, 3 LSLICEs
     Net HelloWorld_inst/cpu0_inst/riscvsmall_inst/genblk7.i_Riscv_Dbg_IC/CsrPlugin_mepc_1_sqmuxa_i: 16 loads, 16 LSLICEs
     Net HelloWorld_inst/cpu0_inst/riscvsmall_inst/genblk7.i_Riscv_Dbg_IC/CsrPlugin_exceptionPortCtrl_exceptionValidsRegs_writeBack: 16 loads, 16 LSLICEs
     Net HelloWorld_inst/cpu0_inst/riscvsmall_inst/genblk7.vex_debug/systemDebugger_1_/N_13: 1 loads, 1 LSLICEs
     Net HelloWorld_inst/cpu0_inst/riscvsmall_inst/genblk7.vex_debug/systemDebugger_1_/N_238_i: 4 loads, 4 LSLICEs
     Net HelloWorld_inst/cpu0_inst/riscvsmall_inst/genblk7.vex_debug/systemDebugger_1_/N_11: 1 loads, 1 LSLICEs
     Net HelloWorld_inst/cpu0_inst/riscvsmall_inst/genblk7.vex_debug/systemDebugger_1_/N_15_i: 23 loads, 23 LSLICEs
     Net HelloWorld_inst/cpu0_inst/riscvsmall_inst/genblk7.vex_debug/jtagBridge_1_/jtag_writeArea_source_valid: 1 loads, 1 LSLICEs
     Net HelloWorld_inst/cpu0_inst/riscvsmall_inst/genblk7.vex_debug/jtagBridge_1_/flowCCByToggle_1_/un1_outputArea_flow_valid: 1 loads, 1 LSLICEs
     Net HelloWorld_inst/cpu0_inst/riscvsmall_inst/genblk7.vex_debug/jtagBridge_1_/jtag_tap_fsm_state_RNIMJL9[1]: 2 loads, 2 LSLICEs
     Net HelloWorld_inst/cpu0_inst/riscvsmall_inst/genblk7.vex_debug/jtagBridge_1_/_zz_3_: 1 loads, 1 LSLICEs
     Net HelloWorld_inst/cpu0_inst/riscvsmall_inst/genblk7.vex_debug/_zz_2_: 16 loads, 16 LSLICEs
     Net HelloWorld_inst/cpu0_inst/riscvsmall_inst/genblk7.vex_debug/jtagBridge_1_/un1_jtag_tap_fsm_state_3_0: 2 loads, 2 LSLICEs
     Net HelloWorld_inst/cpu0_inst/riscvsmall_inst/genblk7.vex_debug/jtagBridge_1_/N_80: 17 loads, 17 LSLICEs
     Net HelloWorld_inst/cpu0_inst/riscvsmall_inst/genblk7.vex_debug/jtagBridge_1_/jtag_idcodeArea_shifter_0_sqmuxa: 16 loads, 16 LSLICEs
     Net HelloWorld_inst/cpu0_inst/riscvsmall_inst/genblk7.vex_debug/vex_jtag_bridge_i/TMS_reg_WE0: 1 loads, 1 LSLICEs
     Net HelloWorld_inst/cpu0_inst/riscvsmall_inst/genblk7.vex_debug/vex_jtag_bridge_i/TDI_reg_WE0: 1 loads, 1 LSLICEs
     Net HelloWorld_inst/cpu0_inst/riscvsmall_inst/genblk7.vex_debug/vex_jtag_bridge_i/shift_enable_wire: 2 loads, 2 LSLICEs
     Net HelloWorld_inst/cpu0_inst/riscvsmall_inst/genblk_timer.i_timer_32/un1_int_reg12_i: 1 loads, 1 LSLICEs
     Net HelloWorld_inst/cpu0_inst/riscvsmall_inst/genblk_timer.i_timer_32/cnt_reg_2_sqmuxa_i: 33 loads, 33 LSLICEs
     Net HelloWorld_inst/cpu0_inst/riscvsmall_inst/genblk_timer.i_timer_32/cmp_regce[0]: 4 loads, 4 LSLICEs
     Net HelloWorld_inst/cpu0_inst/riscvsmall_inst/genblk_timer.i_timer_32/cmp_regce[8]: 4 loads, 4 LSLICEs
     Net HelloWorld_inst/cpu0_inst/riscvsmall_inst/genblk_timer.i_timer_32/cmp_regce[16]: 4 loads, 4 LSLICEs
     Net HelloWorld_inst/cpu0_inst/riscvsmall_inst/genblk_timer.i_timer_32/cmp_regce[24]: 4 loads, 4 LSLICEs
     Net HelloWorld_inst/cpu0_inst/riscvsmall_inst/genblk_timer.i_timer_32/cmp_regce[32]: 4 loads, 4 LSLICEs
     Net HelloWorld_inst/cpu0_inst/riscvsmall_inst/genblk_timer.i_timer_32/cmp_regce[40]: 4 loads, 4 LSLICEs
     Net HelloWorld_inst/cpu0_inst/riscvsmall_inst/genblk_timer.i_timer_32/cmp_regce[48]: 4 loads, 4 LSLICEs
     Net HelloWorld_inst/cpu0_inst/riscvsmall_inst/genblk_timer.i_timer_32/cmp_regce[56]: 4 loads, 4 LSLICEs
     Net HelloWorld_inst/cpu0_inst/riscvsmall_inst/genblk_pic.i_pic/pic_status_reg_2_sqmuxa_i: 2 loads, 2 LSLICEs
     Net HelloWorld_inst/cpu0_inst/riscvsmall_inst/genblk_pic.i_pic/pic_polarity_reg_0_sqmuxa: 2 loads, 2 LSLICEs
     Net HelloWorld_inst/cpu0_inst/riscvsmall_inst/genblk_pic.i_pic/pic_enable_reg_0_sqmuxa: 2 loads, 2 LSLICEs
     Net HelloWorld_inst/cpu0_inst/riscvsmall_inst/genblk_multiplexor.b_dbus/N_26_i: 3 loads, 3 LSLICEs
     Net jtaghub16_jupdate: 8 loads, 8 LSLICEs
     Net xo2chub/id_enable_0_sqmuxa: 1 loads, 1 LSLICEs
     Net xo2chub/er1_shift_reg8: 10 loads, 10 LSLICEs
   Number of local set/reset loads for net rstn_i_c merged into GSR:  1
   Number of LSRs:  12
     Net HelloWorld_inst/cpu0_inst_system_resetn_o_net: 351 loads, 306 LSLICEs
     Net HelloWorld_inst/cpu0_inst/riscvsmall_inst/genblk7.i_Riscv_Dbg_IC/CsrPlugin_interrupt_code_0_sqmuxa: 1 loads, 1 LSLICEs
     Net HelloWorld_inst/cpu0_inst/riscvsmall_inst/resetCtrl_systemReset: 134 loads, 134 LSLICEs
     Net HelloWorld_inst/cpu0_inst/riscvsmall_inst/genblk7.i_Riscv_Dbg_IC/fb: 1 loads, 1 LSLICEs
     Net HelloWorld_inst/cpu0_inst/riscvsmall_inst/s0_hrdata_o_sn_N_2: 4 loads, 4 LSLICEs
     Net HelloWorld_inst/cpu0_inst/riscvsmall_inst/resetCtrl_mainClkReset: 13 loads, 13 LSLICEs
     Net HelloWorld_inst/cpu0_inst/riscvsmall_inst/genblk7.i_Riscv_Dbg_IC/DebugPlugin_isPipBusys: 1 loads, 1 LSLICEs
     Net HelloWorld_inst/cpu0_inst/riscvsmall_inst/genblk7.i_Riscv_Dbg_IC/CsrPlugin_mip_MSIPc_i: 1 loads, 1 LSLICEs
     Net HelloWorld_inst/cpu0_inst/riscvsmall_inst/genblk7.vex_debug/system_cpu_debug_resetOut_regNext: 1 loads, 1 LSLICEs
     Net HelloWorld_inst/cpu0_inst/riscvsmall_inst/genblk7.vex_debug/jtagBridge_1_/jtag_idcodeArea_shifter13: 18 loads, 18 LSLICEs
     Net HelloWorld_inst/cpu0_inst/riscvsmall_inst/genblk7.vex_debug/jtagBridge_1_/fb: 1 loads, 1 LSLICEs
     Net jtaghub16_jrstn: 34 loads, 34 LSLICEs
   Number of nets driven by tri-state buffers:  0
   Top 10 highest fanout non-clock nets:
     Net HelloWorld_inst/cpu0_inst_system_resetn_o_net: 377 loads
     Net HelloWorld_inst/cpu0_inst/riscvsmall_inst/resetCtrl_systemReset: 134 loads
     Net HelloWorld_inst/cpu0_inst/riscvsmall_inst/genblk7.i_Riscv_Dbg_IC/execute_arbitration_isStuck_i: 106 loads
     Net HelloWorld_inst/cpu0_inst/riscvsmall_inst/genblk7.i_Riscv_Dbg_IC/decode_to_execute_SRC1_CTRL[1]: 90 loads
     Net HelloWorld_inst/cpu0_inst/riscvsmall_inst/genblk7.i_Riscv_Dbg_IC/_zz_31__6_sqmuxa: 72 loads
     Net HelloWorld_inst/ahbl0_inst_AHBL_M00_interconnect_HSIZE_interconnect[1]: 71 loads
     Net HelloWorld_inst/ahbl0_inst_AHBL_M00_interconnect_HSIZE_interconnect[0]: 66 loads
     Net HelloWorld_inst/cpu0_inst/riscvsmall_inst/genblk7.i_Riscv_Dbg_IC/execute_CsrPlugin_csr_833: 66 loads
     Net HelloWorld_inst/cpu0_inst/riscvsmall_inst/genblk7.i_Riscv_Dbg_IC/decode_to_execute_SRC2_CTRL[1]: 65 loads
     Net HelloWorld_inst/cpu0_inst/riscvsmall_inst/genblk_timer.i_timer_32/cnt_reg: 65 loads
 

   Number of warnings:  0
   Number of errors:    0



INFO: Design contains EBR with GSR enabled. The GSR is only applicable for output registers except FIFO. 


Total CPU Time: 1 secs  
Total REAL Time: 2 secs  
Peak Memory Usage: 88 MB

Dumping design to file propel_soc_impl1_map.ncd.

mpartrce -p "propel_soc_impl1.p2t" -f "propel_soc_impl1.p3t" -tf "propel_soc_impl1.pt" "propel_soc_impl1_map.ncd" "propel_soc_impl1.ncd"

---- MParTrce Tool ----
Removing old design directory at request of -rem command line option to this program.
Running par. Please wait . . .

Lattice Place and Route Report for Design "propel_soc_impl1_map.ncd"
Mon Jun 07 17:29:26 2021

PAR: Place And Route Diamond (64-bit) 3.12.0.240.2.
Command Line: par -w -l 5 -i 6 -t 1 -c 0 -e 0 -gui -msgset D:/docs/FPGA/propel_soc/promote.xml -exp parUseNBR=1:parCDP=0:parCDR=0:parPathBased=OFF:parASE=1 propel_soc_impl1_map.ncd propel_soc_impl1.dir/5_1.ncd propel_soc_impl1.prf
Preference file: propel_soc_impl1.prf.
Placement level-cost: 5-1.
Routing Iterations: 6

Loading design for application par from file propel_soc_impl1_map.ncd.
Design name: HelloWorld_Top
NCD version: 3.3
Vendor:      LATTICE
Device:      LCMXO3LF-6900C
Package:     CABGA256
Performance: 6
Loading device for application par from file 'xo3c6900.nph' in environment: C:/lscc/diamond/3.12/ispfpga.
Package Status:                     Final          Version 1.16.
Performance Hardware Data Status:   Preliminary    Version 37.5.
License checked out.


Ignore Preference Error(s):  True
Device utilization summary:

   PIO (prelim)   15+4(JTAG)/336     6% used
                  15+4(JTAG)/207     9% bonded
   IOLOGIC           13/336           3% used

   SLICE           1696/3432         49% used

   GSR                1/1           100% used
   OSC                1/1           100% used
   JTAG               1/1           100% used
   EBR               20/26           76% used


Number of Signals: 5319
Number of Connections: 16469

Pin Constraint Summary:
   15 out of 15 pins locked (100% locked).

The following 3 signals are selected to use the primary clock routing resources:
    HelloWorld_inst/cpu0_inst/riscvsmall_inst/genblk7.vex_debug/TCK (driver: HelloWorld_inst/cpu0_inst/riscvsmall_inst/genblk7.vex_debug/vex_jtag_bridge_i/genblk2.TCK_buff, clk load #: 44)
    sys_clk (driver: OSCH_inst, clk load #: 1018)
    jtaghub16_jtck (driver: xo2chub/genblk7.jtagf_u, clk load #: 35)


The following 8 signals are selected to use the secondary clock routing resources:
    HelloWorld_inst/cpu0_inst_system_resetn_o_net (driver: HelloWorld_inst/cpu0_inst/riscvsmall_inst/SLICE_1790, clk load #: 0, sr load #: 351, ce load #: 0)
    HelloWorld_inst/cpu0_inst/riscvsmall_inst/resetCtrl_systemReset (driver: HelloWorld_inst/cpu0_inst/riscvsmall_inst/SLICE_1790, clk load #: 0, sr load #: 134, ce load #: 0)
    HelloWorld_inst/cpu0_inst/riscvsmall_inst/genblk7.i_Riscv_Dbg_IC/execute_arbitration_isStuck_i (driver: HelloWorld_inst/cpu0_inst/riscvsmall_inst/genblk7.i_Riscv_Dbg_IC/SLICE_1605, clk load #: 0, sr load #: 0, ce load #: 106)
    HelloWorld_inst/cpu0_inst/riscvsmall_inst/genblk7.i_Riscv_Dbg_IC/memory_arbitration_haltItself4_i (driver: HelloWorld_inst/cpu0_inst/riscvsmall_inst/genblk7.i_Riscv_Dbg_IC/SLICE_1604, clk load #: 0, sr load #: 0, ce load #: 43)
    HelloWorld_inst/sysmem0_inst/lscc_sys_mem_inst/N_222_i (driver: HelloWorld_inst/SLICE_1066, clk load #: 0, sr load #: 0, ce load #: 34)
    jtaghub16_jrstn (driver: xo2chub/genblk7.jtagf_u, clk load #: 0, sr load #: 34, ce load #: 0)
    HelloWorld_inst/sysmem0_inst/lscc_sys_mem_inst/mem1_req_arb_w (driver: HelloWorld_inst/sysmem0_inst/lscc_sys_mem_inst/SLICE_1069, clk load #: 0, sr load #: 0, ce load #: 33)
    HelloWorld_inst/cpu0_inst/riscvsmall_inst/genblk_timer.i_timer_32/cnt_reg_2_sqmuxa_i (driver: HelloWorld_inst/cpu0_inst/riscvsmall_inst/SLICE_1775, clk load #: 0, sr load #: 0, ce load #: 33)

Signal rstn_i_c is selected as Global Set/Reset.
Starting Placer Phase 0.
...........
Finished Placer Phase 0.  REAL time: 4 secs 

Starting Placer Phase 1.
......................
Placer score = 1595197.
Finished Placer Phase 1.  REAL time: 11 secs 

Starting Placer Phase 2.
.
Placer score =  1564112
Finished Placer Phase 2.  REAL time: 13 secs 


------------------ Clock Report ------------------

Global Clock Resources:
  CLK_PIN    : 0 out of 8 (0%)
  PLL        : 0 out of 2 (0%)
  DCM        : 0 out of 2 (0%)
  DCC        : 1 out of 8 (12%)

Global Clocks:
  PRIMARY "sys_clk" from OSC on comp "OSCH_inst" on site "OSC", clk load = 1018
  PRIMARY "jtaghub16_jtck" from JTCK on comp "xo2chub/genblk7.jtagf_u" on site "JTAG", clk load = 35
  PRIMARY DCC "HelloWorld_inst/cpu0_inst/riscvsmall_inst/genblk7.vex_debug/TCK" from comp "HelloWorld_inst/cpu0_inst/riscvsmall_inst/genblk7.vex_debug/vex_jtag_bridge_i/genblk2.TCK_buff" on DCC site "DCC0", total # of clk loads = 44
     - DCC input "jtaghub16_jtck" from JTCK on comp "xo2chub/genblk7.jtagf_u" on site "JTAG"
  SECONDARY "HelloWorld_inst/cpu0_inst_system_resetn_o_net" from Q1 on comp "HelloWorld_inst/cpu0_inst/riscvsmall_inst/SLICE_1790" on site "R14C20A", clk load = 0, ce load = 0, sr load = 351
  SECONDARY "HelloWorld_inst/cpu0_inst/riscvsmall_inst/resetCtrl_systemReset" from Q0 on comp "HelloWorld_inst/cpu0_inst/riscvsmall_inst/SLICE_1790" on site "R14C20A", clk load = 0, ce load = 0, sr load = 134
  SECONDARY "HelloWorld_inst/cpu0_inst/riscvsmall_inst/genblk7.i_Riscv_Dbg_IC/execute_arbitration_isStuck_i" from F0 on comp "HelloWorld_inst/cpu0_inst/riscvsmall_inst/genblk7.i_Riscv_Dbg_IC/SLICE_1605" on site "R14C18C", clk load = 0, ce load = 106, sr load = 0
  SECONDARY "HelloWorld_inst/cpu0_inst/riscvsmall_inst/genblk7.i_Riscv_Dbg_IC/memory_arbitration_haltItself4_i" from F0 on comp "HelloWorld_inst/cpu0_inst/riscvsmall_inst/genblk7.i_Riscv_Dbg_IC/SLICE_1604" on site "R14C20C", clk load = 0, ce load = 43, sr load = 0
  SECONDARY "HelloWorld_inst/sysmem0_inst/lscc_sys_mem_inst/N_222_i" from F1 on comp "HelloWorld_inst/SLICE_1066" on site "R21C18B", clk load = 0, ce load = 34, sr load = 0
  SECONDARY "jtaghub16_jrstn" from JRSTN on comp "xo2chub/genblk7.jtagf_u" on site "JTAG", clk load = 0, ce load = 0, sr load = 34
  SECONDARY "HelloWorld_inst/sysmem0_inst/lscc_sys_mem_inst/mem1_req_arb_w" from F1 on comp "HelloWorld_inst/sysmem0_inst/lscc_sys_mem_inst/SLICE_1069" on site "R14C20D", clk load = 0, ce load = 33, sr load = 0
  SECONDARY "HelloWorld_inst/cpu0_inst/riscvsmall_inst/genblk_timer.i_timer_32/cnt_reg_2_sqmuxa_i" from F0 on comp "HelloWorld_inst/cpu0_inst/riscvsmall_inst/SLICE_1775" on site "R15C40C", clk load = 0, ce load = 33, sr load = 0

  PRIMARY  : 3 out of 8 (37%)
  SECONDARY: 8 out of 8 (100%)

Edge Clocks:
  No edge clock selected.

--------------- End of Clock Report ---------------


I/O Usage Summary (final):
   15 + 4(JTAG) out of 336 (5.7%) PIO sites used.
   15 + 4(JTAG) out of 207 (9.2%) bonded PIO sites used.
   Number of PIO comps: 15; differential: 0.
   Number of Vref pins used: 0.

I/O Bank Usage Summary:
+----------+---------------+------------+-----------+
| I/O Bank | Usage         | Bank Vccio | Bank Vref |
+----------+---------------+------------+-----------+
| 0        | 3 / 51 (  5%) | 3.3V       | -         |
| 1        | 8 / 52 ( 15%) | 3.3V       | -         |
| 2        | 0 / 52 (  0%) | -          | -         |
| 3        | 4 / 16 ( 25%) | 3.3V       | -         |
| 4        | 0 / 16 (  0%) | -          | -         |
| 5        | 0 / 20 (  0%) | -          | -         |
+----------+---------------+------------+-----------+

Total placer CPU time: 12 secs 

Dumping design to file propel_soc_impl1.dir/5_1.ncd.

0 connections routed; 16469 unrouted.
Starting router resource preassignment

    <postMsg mid="66011008" type="Warning" dynamic="1" navigation="0" arg0="&#xA;   Signal=HelloWorld_inst/gpio1_inst/lscc_gpio_inst/lmmi_rdata_valid_w loads=2 clock_loads=2&#xA;   Signal=HelloWorld_inst/gpio0_inst/lscc_gpio_inst/lmmi_rdata_valid_w loads=4 clock_loads=4"  />

Completed router resource preassignment. Real time: 15 secs 

Start NBR router at 17:29:41 06/07/21

*****************************************************************
Info: NBR allows conflicts(one node used by more than one signal)
      in the earlier iterations. In each iteration, it tries to  
      solve the conflicts while keeping the critical connections 
      routed as short as possible. The routing process is said to
      be completed when no conflicts exist and all connections   
      are routed.                                                
Note: NBR uses a different method to calculate timing slacks. The
      worst slack and total negative slack may not be the same as
      that in TRCE report. You should always run TRCE to verify  
      your design.                                               
*****************************************************************

Start NBR special constraint process at 17:29:42 06/07/21

Start NBR section for initial routing at 17:29:42 06/07/21
Level 1, iteration 1
0(0.00%) conflict; 13330(80.94%) untouched conns; 0 (nbr) score; 
Estimated worst slack/total negative slack<setup>: 2.424ns/0.000ns; real time: 17 secs 
Level 2, iteration 1
1(0.00%) conflict; 13312(80.83%) untouched conns; 0 (nbr) score; 
Estimated worst slack/total negative slack<setup>: 3.079ns/0.000ns; real time: 17 secs 
Level 3, iteration 1
7(0.00%) conflicts; 13080(79.42%) untouched conns; 0 (nbr) score; 
Estimated worst slack/total negative slack<setup>: 4.389ns/0.000ns; real time: 17 secs 
Level 4, iteration 1
1118(0.30%) conflicts; 0(0.00%) untouched conn; 0 (nbr) score; 
Estimated worst slack/total negative slack<setup>: 4.284ns/0.000ns; real time: 19 secs 

Info: Initial congestion level at 75% usage is 8
Info: Initial congestion area  at 75% usage is 156 (15.60%)

Start NBR section for normal routing at 17:29:45 06/07/21
Level 1, iteration 1
2(0.00%) conflicts; 1671(10.15%) untouched conns; 0 (nbr) score; 
Estimated worst slack/total negative slack<setup>: 4.086ns/0.000ns; real time: 20 secs 
Level 4, iteration 1
338(0.09%) conflicts; 0(0.00%) untouched conn; 0 (nbr) score; 
Estimated worst slack/total negative slack<setup>: 3.650ns/0.000ns; real time: 21 secs 
Level 4, iteration 2
121(0.03%) conflicts; 0(0.00%) untouched conn; 0 (nbr) score; 
Estimated worst slack/total negative slack<setup>: 3.050ns/0.000ns; real time: 22 secs 
Level 4, iteration 3
55(0.01%) conflicts; 0(0.00%) untouched conn; 0 (nbr) score; 
Estimated worst slack/total negative slack<setup>: 3.680ns/0.000ns; real time: 23 secs 
Level 4, iteration 4
18(0.00%) conflicts; 0(0.00%) untouched conn; 0 (nbr) score; 
Estimated worst slack/total negative slack<setup>: 3.680ns/0.000ns; real time: 23 secs 
Level 4, iteration 5
10(0.00%) conflicts; 0(0.00%) untouched conn; 0 (nbr) score; 
Estimated worst slack/total negative slack<setup>: 3.676ns/0.000ns; real time: 23 secs 
Level 4, iteration 6
3(0.00%) conflicts; 0(0.00%) untouched conn; 0 (nbr) score; 
Estimated worst slack/total negative slack<setup>: 3.676ns/0.000ns; real time: 23 secs 
Level 4, iteration 7
2(0.00%) conflicts; 0(0.00%) untouched conn; 0 (nbr) score; 
Estimated worst slack/total negative slack<setup>: 3.676ns/0.000ns; real time: 23 secs 
Level 4, iteration 8
1(0.00%) conflict; 0(0.00%) untouched conn; 0 (nbr) score; 
Estimated worst slack/total negative slack<setup>: 3.676ns/0.000ns; real time: 23 secs 
Level 4, iteration 9
1(0.00%) conflict; 0(0.00%) untouched conn; 0 (nbr) score; 
Estimated worst slack/total negative slack<setup>: 3.676ns/0.000ns; real time: 23 secs 
Level 4, iteration 10
1(0.00%) conflict; 0(0.00%) untouched conn; 0 (nbr) score; 
Estimated worst slack/total negative slack<setup>: 3.676ns/0.000ns; real time: 23 secs 
Level 4, iteration 11
0(0.00%) conflict; 0(0.00%) untouched conn; 0 (nbr) score; 
Estimated worst slack/total negative slack<setup>: 3.676ns/0.000ns; real time: 24 secs 

Start NBR section for setup/hold timing optimization with effort level 3 at 17:29:50 06/07/21

Start NBR section for re-routing at 17:29:50 06/07/21
Level 4, iteration 1
0(0.00%) conflict; 0(0.00%) untouched conn; 0 (nbr) score; 
Estimated worst slack/total negative slack<setup>: 3.676ns/0.000ns; real time: 24 secs 

Start NBR section for post-routing at 17:29:50 06/07/21

End NBR router with 0 unrouted connection

NBR Summary
-----------
  Number of unrouted connections : 0 (0.00%)
  Number of connections with timing violations : 0 (0.00%)
  Estimated worst slack<setup> : 3.676ns
  Timing score<setup> : 0
-----------
Notes: The timing info is calculated for SETUP only and all PAR_ADJs are ignored.



    <postMsg mid="66011008" type="Warning" dynamic="1" navigation="0" arg0="&#xA;   Signal=HelloWorld_inst/gpio1_inst/lscc_gpio_inst/lmmi_rdata_valid_w loads=2 clock_loads=2&#xA;   Signal=HelloWorld_inst/gpio0_inst/lscc_gpio_inst/lmmi_rdata_valid_w loads=4 clock_loads=4"  />

    <postMsg mid="66011009" type="Warning" dynamic="3" navigation="0" arg0="HelloWorld_inst/cpu0_inst/riscvsmall_inst/genblk7.vex_debug/vex_jtag_bridge_i/genblk2.TCK_buff" arg1="CLKI" arg2="jtaghub16_jtck"  />
Total CPU time 26 secs 
Total REAL time: 27 secs 
Completely routed.
End of route.  16469 routed (100.00%); 0 unrouted.

Hold time timing score: 0, hold timing errors: 0

Timing score: 0 

Dumping design to file propel_soc_impl1.dir/5_1.ncd.


PAR_SUMMARY::Run status = Completed
PAR_SUMMARY::Number of unrouted conns = 0
PAR_SUMMARY::Worst  slack<setup/<ns>> = 3.676
PAR_SUMMARY::Timing score<setup/<ns>> = 0.000
PAR_SUMMARY::Worst  slack<hold /<ns>> = 0.143
PAR_SUMMARY::Timing score<hold /<ns>> = 0.000
PAR_SUMMARY::Number of errors = 0

Total CPU  time to completion: 26 secs 
Total REAL time to completion: 27 secs 

par done!

Note: user must run 'Trace' for timing closure signoff.

Copyright (c) 1991-1994 by NeoCAD Inc. All rights reserved.
Copyright (c) 1995 AT&T Corp.   All rights reserved.
Copyright (c) 1995-2001 Lucent Technologies Inc.  All rights reserved.
Copyright (c) 2001 Agere Systems   All rights reserved.
Copyright (c) 2002-2020 Lattice Semiconductor Corporation,  All rights reserved.
Exiting par with exit code 0
Exiting mpartrce with exit code 0

trce -f "propel_soc_impl1.pt" -o "propel_soc_impl1.twr" "propel_soc_impl1.ncd" "propel_soc_impl1.prf"
trce:  version Diamond (64-bit) 3.12.0.240.2

Copyright (c) 1991-1994 by NeoCAD Inc. All rights reserved.
Copyright (c) 1995 AT&T Corp.   All rights reserved.
Copyright (c) 1995-2001 Lucent Technologies Inc.  All rights reserved.
Copyright (c) 2001 Agere Systems   All rights reserved.
Copyright (c) 2002-2020 Lattice Semiconductor Corporation,  All rights reserved.

Loading design for application trce from file propel_soc_impl1.ncd.
Design name: HelloWorld_Top
NCD version: 3.3
Vendor:      LATTICE
Device:      LCMXO3LF-6900C
Package:     CABGA256
Performance: 6
Loading device for application trce from file 'xo3c6900.nph' in environment: C:/lscc/diamond/3.12/ispfpga.
Package Status:                     Final          Version 1.16.
Performance Hardware Data Status:   Preliminary    Version 37.5.
Setup and Hold Report

--------------------------------------------------------------------------------
Lattice TRACE Report - Setup, Version Diamond (64-bit) 3.12.0.240.2
Mon Jun 07 17:29:54 2021

Copyright (c) 1991-1994 by NeoCAD Inc. All rights reserved.
Copyright (c) 1995 AT&T Corp.   All rights reserved.
Copyright (c) 1995-2001 Lucent Technologies Inc.  All rights reserved.
Copyright (c) 2001 Agere Systems   All rights reserved.
Copyright (c) 2002-2020 Lattice Semiconductor Corporation,  All rights reserved.

Report Information
------------------
Command line:    trce -v 10 -gt -sethld -sp 6 -sphld m -o propel_soc_impl1.twr -gui -msgset D:/docs/FPGA/propel_soc/promote.xml propel_soc_impl1.ncd propel_soc_impl1.prf 
Design file:     propel_soc_impl1.ncd
Preference file: propel_soc_impl1.prf
Device,speed:    LCMXO3LF-6900C,6
Report level:    verbose report, limited to 10 items per preference
--------------------------------------------------------------------------------

BLOCK ASYNCPATHS
BLOCK RESETPATHS
--------------------------------------------------------------------------------



Timing summary (Setup):
---------------

Timing errors: 0  Score: 0
Cumulative negative slack: 0

Constraints cover 2900481 paths, 1 nets, and 16452 connections (99.90% coverage)

--------------------------------------------------------------------------------
Lattice TRACE Report - Hold, Version Diamond (64-bit) 3.12.0.240.2
Mon Jun 07 17:29:54 2021

Copyright (c) 1991-1994 by NeoCAD Inc. All rights reserved.
Copyright (c) 1995 AT&T Corp.   All rights reserved.
Copyright (c) 1995-2001 Lucent Technologies Inc.  All rights reserved.
Copyright (c) 2001 Agere Systems   All rights reserved.
Copyright (c) 2002-2020 Lattice Semiconductor Corporation,  All rights reserved.

Report Information
------------------
Command line:    trce -v 10 -gt -sethld -sp 6 -sphld m -o propel_soc_impl1.twr -gui -msgset D:/docs/FPGA/propel_soc/promote.xml propel_soc_impl1.ncd propel_soc_impl1.prf 
Design file:     propel_soc_impl1.ncd
Preference file: propel_soc_impl1.prf
Device,speed:    LCMXO3LF-6900C,m
Report level:    verbose report, limited to 10 items per preference
--------------------------------------------------------------------------------

BLOCK ASYNCPATHS
BLOCK RESETPATHS
--------------------------------------------------------------------------------



Timing summary (Hold):
---------------

Timing errors: 0  Score: 0
Cumulative negative slack: 0

Constraints cover 2900481 paths, 1 nets, and 16452 connections (99.90% coverage)



Timing summary (Setup and Hold):
---------------

Timing errors: 0 (setup), 0 (hold)
Score: 0 (setup), 0 (hold)
Cumulative negative slack: 0 (0+0)
--------------------------------------------------------------------------------

--------------------------------------------------------------------------------

Total CPU Time: 1 secs 
Total REAL Time: 2 secs 
Peak Memory Usage: 94 MB


tmcheck -par "propel_soc_impl1.par" 

bitgen -f "propel_soc_impl1.t2b" -w "propel_soc_impl1.ncd"  -jedec "propel_soc_impl1.prf"


BITGEN: Bitstream Generator Diamond (64-bit) 3.12.0.240.2
Copyright (c) 1991-1994 by NeoCAD Inc. All rights reserved.
Copyright (c) 1995 AT&T Corp.   All rights reserved.
Copyright (c) 1995-2001 Lucent Technologies Inc.  All rights reserved.
Copyright (c) 2001 Agere Systems   All rights reserved.
Copyright (c) 2002-2020 Lattice Semiconductor Corporation,  All rights reserved.


Loading design for application Bitgen from file propel_soc_impl1.ncd.
Design name: HelloWorld_Top
NCD version: 3.3
Vendor:      LATTICE
Device:      LCMXO3LF-6900C
Package:     CABGA256
Performance: 6
Loading device for application Bitgen from file 'xo3c6900.nph' in environment: C:/lscc/diamond/3.12/ispfpga.
Package Status:                     Final          Version 1.16.
Performance Hardware Data Status:   Preliminary    Version 37.5.

Running DRC.
DRC detected 0 errors and 0 warnings.
Reading Preference File from propel_soc_impl1.prf.

Preference Summary:
+---------------------------------+---------------------------------+
|  Preference                     |  Current Setting                |
+---------------------------------+---------------------------------+
|                         RamCfg  |                        Reset**  |
+---------------------------------+---------------------------------+
|                     MCCLK_FREQ  |                         2.08**  |
+---------------------------------+---------------------------------+
|                  CONFIG_SECURE  |                          OFF**  |
+---------------------------------+---------------------------------+
|                          INBUF  |                           ON**  |
+---------------------------------+---------------------------------+
|                      JTAG_PORT  |                       ENABLE**  |
+---------------------------------+---------------------------------+
|                       SDM_PORT  |                      DISABLE**  |
+---------------------------------+---------------------------------+
|                 SLAVE_SPI_PORT  |                      DISABLE**  |
+---------------------------------+---------------------------------+
|                MASTER_SPI_PORT  |                      DISABLE**  |
+---------------------------------+---------------------------------+
|                       I2C_PORT  |                      DISABLE**  |
+---------------------------------+---------------------------------+
|        MUX_CONFIGURATION_PORTS  |                      DISABLE**  |
+---------------------------------+---------------------------------+
|                  CONFIGURATION  |                          CFG**  |
+---------------------------------+---------------------------------+
|                COMPRESS_CONFIG  |                           ON**  |
+---------------------------------+---------------------------------+
|                        MY_ASSP  |                          OFF**  |
+---------------------------------+---------------------------------+
|               ONE_TIME_PROGRAM  |                          OFF**  |
+---------------------------------+---------------------------------+
|                 ENABLE_TRANSFR  |                      DISABLE**  |
+---------------------------------+---------------------------------+
|                  SHAREDEBRINIT  |                      DISABLE**  |
+---------------------------------+---------------------------------+
|            BACKGROUND_RECONFIG  |                          OFF**  |
+---------------------------------+---------------------------------+
|                 DUALBOOTGOLDEN  |                     INTERNAL**  |
+---------------------------------+---------------------------------+
 *  Default setting.
 ** The specified setting matches the default setting.


Creating bit map...
 
Bitstream Status: Final           Version 1.95.
 
Saving bit stream in "propel_soc_impl1.jed".
 
===========
UFM Summary.
===========
UFM Size:        2046 Pages (128*2046 Bits).
UFM Utilization: General Purpose Flash Memory.
 
Available General Purpose Flash Memory: 2046 Pages (Page 0 to Page 2045).
Initialized UFM Pages:                     0 Page.
 
Total CPU Time: 3 secs 
Total REAL Time: 3 secs 
Peak Memory Usage: 304 MB
